# JRE version: OpenJDK Runtime Environment (8.0_242-b01) (build 1.8.0_242-release-1644-b01)
# Java VM: OpenJDK 64-Bit Server VM (25.242-b01 mixed mode windows-amd64 compressed oops)
Heap:
 PSYoungGen      total 385536K, used 109413K [0x00000000d5580000, 0x0000000100000000, 0x0000000100000000)
  eden space 383488K, 28% used [0x00000000d5580000,0x00000000dbe7bab8,0x00000000ecc00000)
  from space 2048K, 93% used [0x00000000ecc00000,0x00000000ecddda00,0x00000000ece00000)
  to   space 159232K, 0% used [0x00000000f6480000,0x00000000f6480000,0x0000000100000000)
 ParOldGen       total 220160K, used 106693K [0x0000000080000000, 0x000000008d700000, 0x00000000d5580000)
  object space 220160K, 48% used [0x0000000080000000,0x0000000086831678,0x000000008d700000)
 Metaspace       used 113993K, capacity 119318K, committed 119576K, reserved 1153024K
  class space    used 14359K, capacity 15341K, committed 15408K, reserved 1048576K
GC Heap History (10 events):
Event: 444.031 GC heap before
{Heap before GC invocations=29 (full 6):
 PSYoungGen      total 559616K, used 526874K [0x00000000d5580000, 0x0000000100000000, 0x0000000100000000)
  eden space 436736K, 100% used [0x00000000d5580000,0x00000000f0000000,0x00000000f0000000)
  from space 122880K, 73% used [0x00000000f8800000,0x00000000fe006ad0,0x0000000100000000)
  to   space 131072K, 0% used [0x00000000f0000000,0x00000000f0000000,0x00000000f8000000)
 ParOldGen       total 220160K, used 88284K [0x0000000080000000, 0x000000008d700000, 0x00000000d5580000)
  object space 220160K, 40% used [0x0000000080000000,0x00000000856372c0,0x000000008d700000)
 Metaspace       used 105307K, capacity 110226K, committed 110488K, reserved 1144832K
  class space    used 13470K, capacity 14393K, committed 14512K, reserved 1048576K
Event: 444.153 GC heap after
Heap after GC invocations=29 (full 6):
 PSYoungGen      total 553984K, used 116784K [0x00000000d5580000, 0x0000000100000000, 0x0000000100000000)
  eden space 436736K, 0% used [0x00000000d5580000,0x00000000d5580000,0x00000000f0000000)
  from space 117248K, 99% used [0x00000000f0000000,0x00000000f720c2c0,0x00000000f7280000)
  to   space 144896K, 0% used [0x00000000f7280000,0x00000000f7280000,0x0000000100000000)
 ParOldGen       total 220160K, used 88292K [0x0000000080000000, 0x000000008d700000, 0x00000000d5580000)
  object space 220160K, 40% used [0x0000000080000000,0x00000000856392c0,0x000000008d700000)
 Metaspace       used 105307K, capacity 110226K, committed 110488K, reserved 1144832K
  class space    used 13470K, capacity 14393K, committed 14512K, reserved 1048576K
}
Event: 935.655 GC heap before
{Heap before GC invocations=30 (full 6):
 PSYoungGen      total 553984K, used 553520K [0x00000000d5580000, 0x0000000100000000, 0x0000000100000000)
  eden space 436736K, 100% used [0x00000000d5580000,0x00000000f0000000,0x00000000f0000000)
  from space 117248K, 99% used [0x00000000f0000000,0x00000000f720c2c0,0x00000000f7280000)
  to   space 144896K, 0% used [0x00000000f7280000,0x00000000f7280000,0x0000000100000000)
 ParOldGen       total 220160K, used 88292K [0x0000000080000000, 0x000000008d700000, 0x00000000d5580000)
  object space 220160K, 40% used [0x0000000080000000,0x00000000856392c0,0x000000008d700000)
 Metaspace       used 105830K, capacity 111026K, committed 111256K, reserved 1146880K
  class space    used 13490K, capacity 14429K, committed 14512K, reserved 1048576K
Event: 935.927 GC heap after
Heap after GC invocations=30 (full 6):
 PSYoungGen      total 558080K, used 44208K [0x00000000d5580000, 0x0000000100000000, 0x0000000100000000)
  eden space 413184K, 0% used [0x00000000d5580000,0x00000000d5580000,0x00000000ee900000)
  from space 144896K, 30% used [0x00000000f7280000,0x00000000f9dac300,0x0000000100000000)
  to   space 140800K, 0% used [0x00000000ee900000,0x00000000ee900000,0x00000000f7280000)
 ParOldGen       total 220160K, used 90177K [0x0000000080000000, 0x000000008d700000, 0x00000000d5580000)
  object space 220160K, 40% used [0x0000000080000000,0x0000000085810680,0x000000008d700000)
 Metaspace       used 105830K, capacity 111026K, committed 111256K, reserved 1146880K
  class space    used 13490K, capacity 14429K, committed 14512K, reserved 1048576K
}
Event: 938.066 GC heap before
{Heap before GC invocations=31 (full 6):
 PSYoungGen      total 558080K, used 457392K [0x00000000d5580000, 0x0000000100000000, 0x0000000100000000)
  eden space 413184K, 100% used [0x00000000d5580000,0x00000000ee900000,0x00000000ee900000)
  from space 144896K, 30% used [0x00000000f7280000,0x00000000f9dac300,0x0000000100000000)
  to   space 140800K, 0% used [0x00000000ee900000,0x00000000ee900000,0x00000000f7280000)
 ParOldGen       total 220160K, used 90177K [0x0000000080000000, 0x000000008d700000, 0x00000000d5580000)
  object space 220160K, 40% used [0x0000000080000000,0x0000000085810680,0x000000008d700000)
 Metaspace       used 105864K, capacity 111084K, committed 111256K, reserved 1146880K
  class space    used 13495K, capacity 14438K, committed 14512K, reserved 1048576K
Event: 938.583 GC heap after
Heap after GC invocations=31 (full 6):
 PSYoungGen      total 535552K, used 122118K [0x00000000d5580000, 0x0000000100000000, 0x0000000100000000)
  eden space 413184K, 0% used [0x00000000d5580000,0x00000000d5580000,0x00000000ee900000)
  from space 122368K, 99% used [0x00000000ee900000,0x00000000f6041b48,0x00000000f6080000)
  to   space 156672K, 0% used [0x00000000f6700000,0x00000000f6700000,0x0000000100000000)
 ParOldGen       total 220160K, used 90489K [0x0000000080000000, 0x000000008d700000, 0x00000000d5580000)
  object space 220160K, 41% used [0x0000000080000000,0x000000008585e580,0x000000008d700000)
 Metaspace       used 105864K, capacity 111084K, committed 111256K, reserved 1146880K
  class space    used 13495K, capacity 14438K, committed 14512K, reserved 1048576K
}
Event: 947.542 GC heap before
{Heap before GC invocations=32 (full 6):
 PSYoungGen      total 535552K, used 535302K [0x00000000d5580000, 0x0000000100000000, 0x0000000100000000)
  eden space 413184K, 100% used [0x00000000d5580000,0x00000000ee900000,0x00000000ee900000)
  from space 122368K, 99% used [0x00000000ee900000,0x00000000f6041b48,0x00000000f6080000)
  to   space 156672K, 0% used [0x00000000f6700000,0x00000000f6700000,0x0000000100000000)
 ParOldGen       total 220160K, used 90489K [0x0000000080000000, 0x000000008d700000, 0x00000000d5580000)
  object space 220160K, 41% used [0x0000000080000000,0x000000008585e580,0x000000008d700000)
 Metaspace       used 113477K, capacity 118820K, committed 119064K, reserved 1153024K
  class space    used 14357K, capacity 15338K, committed 15408K, reserved 1048576K
Event: 947.845 GC heap after
Heap after GC invocations=32 (full 6):
 PSYoungGen      total 540160K, used 90231K [0x00000000d5580000, 0x0000000100000000, 0x0000000100000000)
  eden space 383488K, 0% used [0x00000000d5580000,0x00000000d5580000,0x00000000ecc00000)
  from space 156672K, 57% used [0x00000000f6700000,0x00000000fbf1dfb8,0x0000000100000000)
  to   space 157696K, 0% used [0x00000000ecc00000,0x00000000ecc00000,0x00000000f6600000)
 ParOldGen       total 220160K, used 99855K [0x0000000080000000, 0x000000008d700000, 0x00000000d5580000)
  object space 220160K, 45% used [0x0000000080000000,0x0000000086183c58,0x000000008d700000)
 Metaspace       used 113477K, capacity 118820K, committed 119064K, reserved 1153024K
  class space    used 14357K, capacity 15338K, committed 15408K, reserved 1048576K
}
Event: 950.860 GC heap before
{Heap before GC invocations=33 (full 6):
 PSYoungGen      total 540160K, used 473719K [0x00000000d5580000, 0x0000000100000000, 0x0000000100000000)
  eden space 383488K, 100% used [0x00000000d5580000,0x00000000ecc00000,0x00000000ecc00000)
  from space 156672K, 57% used [0x00000000f6700000,0x00000000fbf1dfb8,0x0000000100000000)
  to   space 157696K, 0% used [0x00000000ecc00000,0x00000000ecc00000,0x00000000f6600000)
 ParOldGen       total 220160K, used 99855K [0x0000000080000000, 0x000000008d700000, 0x00000000d5580000)
  object space 220160K, 45% used [0x0000000080000000,0x0000000086183c58,0x000000008d700000)
 Metaspace       used 113859K, capacity 119172K, committed 119320K, reserved 1153024K
  class space    used 14358K, capacity 15340K, committed 15408K, reserved 1048576K
Event: 950.918 GC heap after
Heap after GC invocations=33 (full 6):
 PSYoungGen      total 385536K, used 1910K [0x00000000d5580000, 0x0000000100000000, 0x0000000100000000)
  eden space 383488K, 0% used [0x00000000d5580000,0x00000000d5580000,0x00000000ecc00000)
  from space 2048K, 93% used [0x00000000ecc00000,0x00000000ecddda00,0x00000000ece00000)
  to   space 159232K, 0% used [0x00000000f6480000,0x00000000f6480000,0x0000000100000000)
 ParOldGen       total 220160K, used 106693K [0x0000000080000000, 0x000000008d700000, 0x00000000d5580000)
  object space 220160K, 48% used [0x0000000080000000,0x0000000086831678,0x000000008d700000)
 Metaspace       used 113859K, capacity 119172K, committed 119320K, reserved 1153024K
  class space    used 14358K, capacity 15340K, committed 15408K, reserved 1048576K
}

