# JRE version: OpenJDK Runtime Environment (8.0_242-b01) (build 1.8.0_242-release-1644-b01)
# Java VM: OpenJDK 64-Bit Server VM (25.242-b01 mixed mode windows-amd64 compressed oops)
Heap:
 PSYoungGen      total 508416K, used 34360K [0x00000000d5580000, 0x00000000ff280000, 0x0000000100000000)
  eden space 348160K, 0% used [0x00000000d5580000,0x00000000d5580000,0x00000000ea980000)
  from space 160256K, 21% used [0x00000000ea980000,0x00000000ecb0e160,0x00000000f4600000)
  to   space 151040K, 0% used [0x00000000f5f00000,0x00000000f5f00000,0x00000000ff280000)
 ParOldGen       total 382976K, used 348436K [0x0000000080000000, 0x0000000097600000, 0x00000000d5580000)
  object space 382976K, 90% used [0x0000000080000000,0x0000000095445308,0x0000000097600000)
 Metaspace       used 205953K, capacity 215986K, committed 216280K, reserved 1239040K
  class space    used 25133K, capacity 27005K, committed 27136K, reserved 1048576K
GC Heap History (10 events):
Event: 9715.158 GC heap after
Heap after GC invocations=62 (full 7):
 PSYoungGen      total 476672K, used 32193K [0x00000000d5580000, 0x00000000ff680000, 0x0000000100000000)
  eden space 283136K, 0% used [0x00000000d5580000,0x00000000d5580000,0x00000000e6a00000)
  from space 193536K, 16% used [0x00000000e6a00000,0x00000000e8970560,0x00000000f2700000)
  to   space 184320K, 0% used [0x00000000f4280000,0x00000000f4280000,0x00000000ff680000)
 ParOldGen       total 382976K, used 290526K [0x0000000080000000, 0x0000000097600000, 0x00000000d5580000)
  object space 382976K, 75% used [0x0000000080000000,0x0000000091bb7888,0x0000000097600000)
 Metaspace       used 197306K, capacity 205824K, committed 206552K, reserved 1230848K
  class space    used 24067K, capacity 25732K, committed 25856K, reserved 1048576K
}
Event: 9734.569 GC heap before
{Heap before GC invocations=63 (full 7):
 PSYoungGen      total 476672K, used 315329K [0x00000000d5580000, 0x00000000ff680000, 0x0000000100000000)
  eden space 283136K, 100% used [0x00000000d5580000,0x00000000e6a00000,0x00000000e6a00000)
  from space 193536K, 16% used [0x00000000e6a00000,0x00000000e8970560,0x00000000f2700000)
  to   space 184320K, 0% used [0x00000000f4280000,0x00000000f4280000,0x00000000ff680000)
 ParOldGen       total 382976K, used 290526K [0x0000000080000000, 0x0000000097600000, 0x00000000d5580000)
  object space 382976K, 75% used [0x0000000080000000,0x0000000091bb7888,0x0000000097600000)
 Metaspace       used 197474K, capacity 206108K, committed 206552K, reserved 1230848K
  class space    used 24084K, capacity 25758K, committed 25856K, reserved 1048576K
Event: 9734.705 GC heap after
Heap after GC invocations=63 (full 7):
 PSYoungGen      total 485376K, used 13841K [0x00000000d5580000, 0x00000000fe700000, 0x0000000100000000)
  eden space 316928K, 0% used [0x00000000d5580000,0x00000000d5580000,0x00000000e8b00000)
  from space 168448K, 8% used [0x00000000f4280000,0x00000000f5004618,0x00000000fe700000)
  to   space 178176K, 0% used [0x00000000e8b00000,0x00000000e8b00000,0x00000000f3900000)
 ParOldGen       total 382976K, used 316888K [0x0000000080000000, 0x0000000097600000, 0x00000000d5580000)
  object space 382976K, 82% used [0x0000000080000000,0x0000000093576058,0x0000000097600000)
 Metaspace       used 197474K, capacity 206108K, committed 206552K, reserved 1230848K
  class space    used 24084K, capacity 25758K, committed 25856K, reserved 1048576K
}
Event: 9860.194 GC heap before
{Heap before GC invocations=64 (full 7):
 PSYoungGen      total 485376K, used 330769K [0x00000000d5580000, 0x00000000fe700000, 0x0000000100000000)
  eden space 316928K, 100% used [0x00000000d5580000,0x00000000e8b00000,0x00000000e8b00000)
  from space 168448K, 8% used [0x00000000f4280000,0x00000000f5004618,0x00000000fe700000)
  to   space 178176K, 0% used [0x00000000e8b00000,0x00000000e8b00000,0x00000000f3900000)
 ParOldGen       total 382976K, used 316888K [0x0000000080000000, 0x0000000097600000, 0x00000000d5580000)
  object space 382976K, 82% used [0x0000000080000000,0x0000000093576058,0x0000000097600000)
 Metaspace       used 198342K, capacity 208270K, committed 208472K, reserved 1230848K
  class space    used 24267K, capacity 26097K, committed 26240K, reserved 1048576K
Event: 9860.792 GC heap after
Heap after GC invocations=64 (full 7):
 PSYoungGen      total 495104K, used 8504K [0x00000000d5580000, 0x00000000ffb80000, 0x0000000100000000)
  eden space 316928K, 0% used [0x00000000d5580000,0x00000000d5580000,0x00000000e8b00000)
  from space 178176K, 4% used [0x00000000e8b00000,0x00000000e934e1c0,0x00000000f3900000)
  to   space 172544K, 0% used [0x00000000f5300000,0x00000000f5300000,0x00000000ffb80000)
 ParOldGen       total 382976K, used 322151K [0x0000000080000000, 0x0000000097600000, 0x00000000d5580000)
  object space 382976K, 84% used [0x0000000080000000,0x0000000093a99d48,0x0000000097600000)
 Metaspace       used 198342K, capacity 208270K, committed 208472K, reserved 1230848K
  class space    used 24267K, capacity 26097K, committed 26240K, reserved 1048576K
}
Event: 9872.609 GC heap before
{Heap before GC invocations=65 (full 7):
 PSYoungGen      total 495104K, used 325432K [0x00000000d5580000, 0x00000000ffb80000, 0x0000000100000000)
  eden space 316928K, 100% used [0x00000000d5580000,0x00000000e8b00000,0x00000000e8b00000)
  from space 178176K, 4% used [0x00000000e8b00000,0x00000000e934e1c0,0x00000000f3900000)
  to   space 172544K, 0% used [0x00000000f5300000,0x00000000f5300000,0x00000000ffb80000)
 ParOldGen       total 382976K, used 322151K [0x0000000080000000, 0x0000000097600000, 0x00000000d5580000)
  object space 382976K, 84% used [0x0000000080000000,0x0000000093a99d48,0x0000000097600000)
 Metaspace       used 200257K, capacity 210222K, committed 210392K, reserved 1232896K
  class space    used 24463K, capacity 26299K, committed 26368K, reserved 1048576K
Event: 9872.867 GC heap after
Heap after GC invocations=65 (full 7):
 PSYoungGen      total 495104K, used 45522K [0x00000000d5580000, 0x00000000fe280000, 0x0000000100000000)
  eden space 348160K, 0% used [0x00000000d5580000,0x00000000d5580000,0x00000000ea980000)
  from space 146944K, 30% used [0x00000000f5300000,0x00000000f7f74aa8,0x00000000fe280000)
  to   space 160256K, 0% used [0x00000000ea980000,0x00000000ea980000,0x00000000f4600000)
 ParOldGen       total 382976K, used 329471K [0x0000000080000000, 0x0000000097600000, 0x00000000d5580000)
  object space 382976K, 86% used [0x0000000080000000,0x00000000941bff00,0x0000000097600000)
 Metaspace       used 200257K, capacity 210222K, committed 210392K, reserved 1232896K
  class space    used 24463K, capacity 26299K, committed 26368K, reserved 1048576K
}
Event: 9879.898 GC heap before
{Heap before GC invocations=66 (full 7):
 PSYoungGen      total 495104K, used 393682K [0x00000000d5580000, 0x00000000fe280000, 0x0000000100000000)
  eden space 348160K, 100% used [0x00000000d5580000,0x00000000ea980000,0x00000000ea980000)
  from space 146944K, 30% used [0x00000000f5300000,0x00000000f7f74aa8,0x00000000fe280000)
  to   space 160256K, 0% used [0x00000000ea980000,0x00000000ea980000,0x00000000f4600000)
 ParOldGen       total 382976K, used 329471K [0x0000000080000000, 0x0000000097600000, 0x00000000d5580000)
  object space 382976K, 86% used [0x0000000080000000,0x00000000941bff00,0x0000000097600000)
 Metaspace       used 205953K, capacity 215986K, committed 216280K, reserved 1239040K
  class space    used 25133K, capacity 27005K, committed 27136K, reserved 1048576K
Event: 9880.113 GC heap after
Heap after GC invocations=66 (full 7):
 PSYoungGen      total 508416K, used 34360K [0x00000000d5580000, 0x00000000ff280000, 0x0000000100000000)
  eden space 348160K, 0% used [0x00000000d5580000,0x00000000d5580000,0x00000000ea980000)
  from space 160256K, 21% used [0x00000000ea980000,0x00000000ecb0e160,0x00000000f4600000)
  to   space 151040K, 0% used [0x00000000f5f00000,0x00000000f5f00000,0x00000000ff280000)
 ParOldGen       total 382976K, used 348436K [0x0000000080000000, 0x0000000097600000, 0x00000000d5580000)
  object space 382976K, 90% used [0x0000000080000000,0x0000000095445308,0x0000000097600000)
 Metaspace       used 205953K, capacity 215986K, committed 216280K, reserved 1239040K
  class space    used 25133K, capacity 27005K, committed 27136K, reserved 1048576K
}
Event: 9880.114 GC heap before
{Heap before GC invocations=67 (full 8):
 PSYoungGen      total 508416K, used 34360K [0x00000000d5580000, 0x00000000ff280000, 0x0000000100000000)
  eden space 348160K, 0% used [0x00000000d5580000,0x00000000d5580000,0x00000000ea980000)
  from space 160256K, 21% used [0x00000000ea980000,0x00000000ecb0e160,0x00000000f4600000)
  to   space 151040K, 0% used [0x00000000f5f00000,0x00000000f5f00000,0x00000000ff280000)
 ParOldGen       total 382976K, used 348436K [0x0000000080000000, 0x0000000097600000, 0x00000000d5580000)
  object space 382976K, 90% used [0x0000000080000000,0x0000000095445308,0x0000000097600000)
 Metaspace       used 205953K, capacity 215986K, committed 216280K, reserved 1239040K
  class space    used 25133K, capacity 27005K, committed 27136K, reserved 1048576K

